  camera.cpp
D:\угату\2_курс\графика\ogldev-master\tutorial16\camera.h(5,1): warning C4005: M_PI: изменение макроопределения
D:\угату\2_курс\графика\ogldev-master\tutorial16\math_3d.h(7,1): message : см. предыдущее определение "M_PI"
D:\угату\2_курс\графика\ogldev-master\tutorial16\camera.cpp(48,31): warning C4244: =: преобразование "double" в "float", возможна потеря данных
D:\угату\2_курс\графика\ogldev-master\tutorial16\camera.cpp(52,31): warning C4244: =: преобразование "double" в "float", возможна потеря данных
D:\угату\2_курс\графика\ogldev-master\tutorial16\camera.cpp(59,24): warning C4244: =: преобразование "double" в "float", возможна потеря данных
D:\угату\2_курс\графика\ogldev-master\tutorial16\camera.cpp(63,30): warning C4244: =: преобразование "double" в "float", возможна потеря данных
D:\угату\2_курс\графика\ogldev-master\tutorial16\camera.cpp(67,16): warning C4244: =: преобразование "double" в "float", возможна потеря данных
  math_3d.cpp
D:\угату\2_курс\графика\ogldev-master\tutorial16\math_3d.cpp(20,1): warning C4005: M_PI: изменение макроопределения
D:\угату\2_курс\графика\ogldev-master\tutorial16\math_3d.h(7,1): message : см. предыдущее определение "M_PI"
D:\угату\2_курс\графика\ogldev-master\tutorial16\math_3d.cpp(44,37): warning C4244: аргумент: преобразование "double" в "float", возможна потеря данных
D:\угату\2_курс\графика\ogldev-master\tutorial16\math_3d.cpp(45,37): warning C4244: аргумент: преобразование "double" в "float", возможна потеря данных
D:\угату\2_курс\графика\ogldev-master\tutorial16\math_3d.cpp(75,21): warning C4244: инициализация: преобразование "double" в "float", возможна потеря данных
D:\угату\2_курс\графика\ogldev-master\tutorial16\math_3d.cpp(75,19): warning C4244: инициализация: преобразование "double" в "const float", возможна потеря данных
D:\угату\2_курс\графика\ogldev-master\tutorial16\math_3d.cpp(76,21): warning C4244: инициализация: преобразование "double" в "float", возможна потеря данных
D:\угату\2_курс\графика\ogldev-master\tutorial16\math_3d.cpp(76,19): warning C4244: инициализация: преобразование "double" в "const float", возможна потеря данных
D:\угату\2_курс\графика\ogldev-master\tutorial16\math_3d.cpp(77,21): warning C4244: инициализация: преобразование "double" в "float", возможна потеря данных
D:\угату\2_курс\графика\ogldev-master\tutorial16\math_3d.cpp(77,19): warning C4244: инициализация: преобразование "double" в "const float", возможна потеря данных
D:\угату\2_курс\графика\ogldev-master\tutorial16\math_3d.cpp(125,35): warning C4244: аргумент: преобразование "double" в "float", возможна потеря данных
  pipeline.cpp
  glut_backend.cpp
  lighting_technique.cpp
  technique.cpp
D:\угату\2_курс\графика\лаба_3\tut16\technique.cpp(47,37): warning C4267: =: преобразование из "size_t" в "GLint"; возможна потеря данных
  texture.cpp
C:\Users\proto\Downloads\texture.cpp(26,86): warning C4244: аргумент: преобразование "double" в "GLint", возможна потеря данных
C:\Users\proto\Downloads\texture.cpp(26,131): warning C4267: аргумент: преобразование из "size_t" в "GLsizei"; возможна потеря данных
  tut16.cpp
D:\угату\2_курс\графика\лаба_3\tut16\include\Magick++\Drawable.h(465,18): warning C4251: Magick::DrawableBezier::_coordinates: class "std::vector<Magick::Coordinate,std::allocator<Magick::Coordinate>>" должен иметь dll-интерфейс для использования клиентами class "Magick::DrawableBezier"
D:\угату\2_курс\графика\лаба_3\tut16\include\Magick++\Drawable.h(73,16): message : см. объявление "std::vector<Magick::Coordinate,std::allocator<Magick::Coordinate>>"
D:\угату\2_курс\графика\лаба_3\tut16\include\Magick++\Drawable.h(574,15): warning C4251: Magick::DrawablePushClipPath::_id: class "std::basic_string<char,std::char_traits<char>,std::allocator<char>>" должен иметь dll-интерфейс для использования клиентами class "Magick::DrawablePushClipPath"
C:\Program Files\Microsoft Visual Studio\2022\Community\VC\Tools\MSVC\14.35.32215\include\xstring(5300,29): message : см. объявление "std::basic_string<char,std::char_traits<char>,std::allocator<char>>"
D:\угату\2_курс\графика\лаба_3\tut16\include\Magick++\Drawable.h(602,17): warning C4251: Magick::DrawableClipPath::_id: class "std::basic_string<char,std::char_traits<char>,std::allocator<char>>" должен иметь dll-интерфейс для использования клиентами class "Magick::DrawableClipPath"
C:\Program Files\Microsoft Visual Studio\2022\Community\VC\Tools\MSVC\14.35.32215\include\xstring(5300,29): message : см. объявление "std::basic_string<char,std::char_traits<char>,std::allocator<char>>"
D:\угату\2_курс\графика\лаба_3\tut16\include\Magick++\Drawable.h(846,15): warning C4251: Magick::DrawableDensity::_density: class "std::basic_string<char,std::char_traits<char>,std::allocator<char>>" должен иметь dll-интерфейс для использования клиентами class "Magick::DrawableDensity"
C:\Program Files\Microsoft Visual Studio\2022\Community\VC\Tools\MSVC\14.35.32215\include\xstring(5300,29): message : см. объявление "std::basic_string<char,std::char_traits<char>,std::allocator<char>>"
D:\угату\2_курс\графика\лаба_3\tut16\include\Magick++\Drawable.h(988,17): warning C4251: Magick::DrawableFillPatternUrl::_url: class "std::basic_string<char,std::char_traits<char>,std::allocator<char>>" должен иметь dll-интерфейс для использования клиентами class "Magick::DrawableFillPatternUrl"
C:\Program Files\Microsoft Visual Studio\2022\Community\VC\Tools\MSVC\14.35.32215\include\xstring(5300,29): message : см. объявление "std::basic_string<char,std::char_traits<char>,std::allocator<char>>"
D:\угату\2_курс\графика\лаба_3\tut16\include\Magick++\Drawable.h(1083,17): warning C4251: Magick::DrawableFont::_font: class "std::basic_string<char,std::char_traits<char>,std::allocator<char>>" должен иметь dll-интерфейс для использования клиентами class "Magick::DrawableFont"
C:\Program Files\Microsoft Visual Studio\2022\Community\VC\Tools\MSVC\14.35.32215\include\xstring(5300,29): message : см. объявление "std::basic_string<char,std::char_traits<char>,std::allocator<char>>"
D:\угату\2_курс\графика\лаба_3\tut16\include\Magick++\Drawable.h(1084,17): warning C4251: Magick::DrawableFont::_family: class "std::basic_string<char,std::char_traits<char>,std::allocator<char>>" должен иметь dll-интерфейс для использования клиентами class "Magick::DrawableFont"
C:\Program Files\Microsoft Visual Studio\2022\Community\VC\Tools\MSVC\14.35.32215\include\xstring(5300,29): message : см. объявление "std::basic_string<char,std::char_traits<char>,std::allocator<char>>"
D:\угату\2_курс\графика\лаба_3\tut16\include\Magick++\Drawable.h(1200,13): warning C4251: Magick::DrawablePath::_path: class "std::vector<Magick::VPath,std::allocator<Magick::VPath>>" должен иметь dll-интерфейс для использования клиентами class "Magick::DrawablePath"
D:\угату\2_курс\графика\лаба_3\tut16\include\Magick++\Drawable.h(209,14): message : см. объявление "std::vector<Magick::VPath,std::allocator<Magick::VPath>>"
D:\угату\2_курс\графика\лаба_3\tut16\include\Magick++\Drawable.h(1289,18): warning C4251: Magick::DrawablePolygon::_coordinates: class "std::vector<Magick::Coordinate,std::allocator<Magick::Coordinate>>" должен иметь dll-интерфейс для использования клиентами class "Magick::DrawablePolygon"
D:\угату\2_курс\графика\лаба_3\tut16\include\Magick++\Drawable.h(73,16): message : см. объявление "std::vector<Magick::Coordinate,std::allocator<Magick::Coordinate>>"
D:\угату\2_курс\графика\лаба_3\tut16\include\Magick++\Drawable.h(1309,18): warning C4251: Magick::DrawablePolyline::_coordinates: class "std::vector<Magick::Coordinate,std::allocator<Magick::Coordinate>>" должен иметь dll-интерфейс для использования клиентами class "Magick::DrawablePolyline"
D:\угату\2_курс\графика\лаба_3\tut16\include\Magick++\Drawable.h(73,16): message : см. объявление "std::vector<Magick::Coordinate,std::allocator<Magick::Coordinate>>"
D:\угату\2_курс\графика\лаба_3\tut16\include\Magick++\Drawable.h(1393,23): warning C4251: Magick::DrawablePushPattern::_id: class "std::basic_string<char,std::char_traits<char>,std::allocator<char>>" должен иметь dll-интерфейс для использования клиентами class "Magick::DrawablePushPattern"
C:\Program Files\Microsoft Visual Studio\2022\Community\VC\Tools\MSVC\14.35.32215\include\xstring(5300,29): message : см. объявление "std::basic_string<char,std::char_traits<char>,std::allocator<char>>"
D:\угату\2_курс\графика\лаба_3\tut16\include\Magick++\Drawable.h(1879,15): warning C4251: Magick::DrawableStrokePatternUrl::_url: class "std::basic_string<char,std::char_traits<char>,std::allocator<char>>" должен иметь dll-интерфейс для использования клиентами class "Magick::DrawableStrokePatternUrl"
C:\Program Files\Microsoft Visual Studio\2022\Community\VC\Tools\MSVC\14.35.32215\include\xstring(5300,29): message : см. объявление "std::basic_string<char,std::char_traits<char>,std::allocator<char>>"
D:\угату\2_курс\графика\лаба_3\tut16\include\Magick++\Drawable.h(2055,15): warning C4251: Magick::DrawableText::_text: class "std::basic_string<char,std::char_traits<char>,std::allocator<char>>" должен иметь dll-интерфейс для использования клиентами class "Magick::DrawableText"
C:\Program Files\Microsoft Visual Studio\2022\Community\VC\Tools\MSVC\14.35.32215\include\xstring(5300,29): message : см. объявление "std::basic_string<char,std::char_traits<char>,std::allocator<char>>"
D:\угату\2_курс\графика\лаба_3\tut16\include\Magick++\Drawable.h(2056,15): warning C4251: Magick::DrawableText::_encoding: class "std::basic_string<char,std::char_traits<char>,std::allocator<char>>" должен иметь dll-интерфейс для использования клиентами class "Magick::DrawableText"
C:\Program Files\Microsoft Visual Studio\2022\Community\VC\Tools\MSVC\14.35.32215\include\xstring(5300,29): message : см. объявление "std::basic_string<char,std::char_traits<char>,std::allocator<char>>"
D:\угату\2_курс\графика\лаба_3\tut16\include\Magick++\Drawable.h(2491,19): warning C4251: Magick::PathArcAbs::_coordinates: class "std::vector<Magick::PathArcArgs,std::allocator<Magick::PathArcArgs>>" должен иметь dll-интерфейс для использования клиентами class "Magick::PathArcAbs"
D:\угату\2_курс\графика\лаба_3\tut16\include\Magick++\Drawable.h(2456,14): message : см. объявление "std::vector<Magick::PathArcArgs,std::allocator<Magick::PathArcArgs>>"
D:\угату\2_курс\графика\лаба_3\tut16\include\Magick++\Drawable.h(2513,19): warning C4251: Magick::PathArcRel::_coordinates: class "std::vector<Magick::PathArcArgs,std::allocator<Magick::PathArcArgs>>" должен иметь dll-интерфейс для использования клиентами class "Magick::PathArcRel"
D:\угату\2_курс\графика\лаба_3\tut16\include\Magick++\Drawable.h(2456,14): message : см. объявление "std::vector<Magick::PathArcArgs,std::allocator<Magick::PathArcArgs>>"
D:\угату\2_курс\графика\лаба_3\tut16\include\Magick++\Drawable.h(2664,23): warning C4251: Magick::PathCurvetoAbs::_args: class "std::vector<Magick::PathCurvetoArgs,std::allocator<Magick::PathCurvetoArgs>>" должен иметь dll-интерфейс для использования клиентами class "Magick::PathCurvetoAbs"
D:\угату\2_курс\графика\лаба_3\tut16\include\Magick++\Drawable.h(2630,14): message : см. объявление "std::vector<Magick::PathCurvetoArgs,std::allocator<Magick::PathCurvetoArgs>>"
D:\угату\2_курс\графика\лаба_3\tut16\include\Magick++\Drawable.h(2687,23): warning C4251: Magick::PathCurvetoRel::_args: class "std::vector<Magick::PathCurvetoArgs,std::allocator<Magick::PathCurvetoArgs>>" должен иметь dll-интерфейс для использования клиентами class "Magick::PathCurvetoRel"
D:\угату\2_курс\графика\лаба_3\tut16\include\Magick++\Drawable.h(2630,14): message : см. объявление "std::vector<Magick::PathCurvetoArgs,std::allocator<Magick::PathCurvetoArgs>>"
D:\угату\2_курс\графика\лаба_3\tut16\include\Magick++\Drawable.h(2711,18): warning C4251: Magick::PathSmoothCurvetoAbs::_coordinates: class "std::vector<Magick::Coordinate,std::allocator<Magick::Coordinate>>" должен иметь dll-интерфейс для использования клиентами class "Magick::PathSmoothCurvetoAbs"
D:\угату\2_курс\графика\лаба_3\tut16\include\Magick++\Drawable.h(73,16): message : см. объявление "std::vector<Magick::Coordinate,std::allocator<Magick::Coordinate>>"
D:\угату\2_курс\графика\лаба_3\tut16\include\Magick++\Drawable.h(2736,18): warning C4251: Magick::PathSmoothCurvetoRel::_coordinates: class "std::vector<Magick::Coordinate,std::allocator<Magick::Coordinate>>" должен иметь dll-интерфейс для использования клиентами class "Magick::PathSmoothCurvetoRel"
D:\угату\2_курс\графика\лаба_3\tut16\include\Magick++\Drawable.h(73,16): message : см. объявление "std::vector<Magick::Coordinate,std::allocator<Magick::Coordinate>>"
D:\угату\2_курс\графика\лаба_3\tut16\include\Magick++\Drawable.h(2845,32): warning C4251: Magick::PathQuadraticCurvetoAbs::_args: class "std::vector<Magick::PathQuadraticCurvetoArgs,std::allocator<Magick::PathQuadraticCurvetoArgs>>" должен иметь dll-интерфейс для использования клиентами class "Magick::PathQuadraticCurvetoAbs"
D:\угату\2_курс\графика\лаба_3\tut16\include\Magick++\Drawable.h(2811,14): message : см. объявление "std::vector<Magick::PathQuadraticCurvetoArgs,std::allocator<Magick::PathQuadraticCurvetoArgs>>"
D:\угату\2_курс\графика\лаба_3\tut16\include\Magick++\Drawable.h(2869,32): warning C4251: Magick::PathQuadraticCurvetoRel::_args: class "std::vector<Magick::PathQuadraticCurvetoArgs,std::allocator<Magick::PathQuadraticCurvetoArgs>>" должен иметь dll-интерфейс для использования клиентами class "Magick::PathQuadraticCurvetoRel"
D:\угату\2_курс\графика\лаба_3\tut16\include\Magick++\Drawable.h(2811,14): message : см. объявление "std::vector<Magick::PathQuadraticCurvetoArgs,std::allocator<Magick::PathQuadraticCurvetoArgs>>"
D:\угату\2_курс\графика\лаба_3\tut16\include\Magick++\Drawable.h(2893,18): warning C4251: Magick::PathSmoothQuadraticCurvetoAbs::_coordinates: class "std::vector<Magick::Coordinate,std::allocator<Magick::Coordinate>>" должен иметь dll-интерфейс для использования клиентами class "Magick::PathSmoothQuadraticCurvetoAbs"
D:\угату\2_курс\графика\лаба_3\tut16\include\Magick++\Drawable.h(73,16): message : см. объявление "std::vector<Magick::Coordinate,std::allocator<Magick::Coordinate>>"
D:\угату\2_курс\графика\лаба_3\tut16\include\Magick++\Drawable.h(2917,18): warning C4251: Magick::PathSmoothQuadraticCurvetoRel::_coordinates: class "std::vector<Magick::Coordinate,std::allocator<Magick::Coordinate>>" должен иметь dll-интерфейс для использования клиентами class "Magick::PathSmoothQuadraticCurvetoRel"
D:\угату\2_курс\графика\лаба_3\tut16\include\Magick++\Drawable.h(73,16): message : см. объявление "std::vector<Magick::Coordinate,std::allocator<Magick::Coordinate>>"
D:\угату\2_курс\графика\лаба_3\tut16\include\Magick++\Drawable.h(2945,18): warning C4251: Magick::PathLinetoAbs::_coordinates: class "std::vector<Magick::Coordinate,std::allocator<Magick::Coordinate>>" должен иметь dll-интерфейс для использования клиентами class "Magick::PathLinetoAbs"
D:\угату\2_курс\графика\лаба_3\tut16\include\Magick++\Drawable.h(73,16): message : см. объявление "std::vector<Magick::Coordinate,std::allocator<Magick::Coordinate>>"
D:\угату\2_курс\графика\лаба_3\tut16\include\Magick++\Drawable.h(2969,18): warning C4251: Magick::PathLinetoRel::_coordinates: class "std::vector<Magick::Coordinate,std::allocator<Magick::Coordinate>>" должен иметь dll-интерфейс для использования клиентами class "Magick::PathLinetoRel"
D:\угату\2_курс\графика\лаба_3\tut16\include\Magick++\Drawable.h(73,16): message : см. объявление "std::vector<Magick::Coordinate,std::allocator<Magick::Coordinate>>"
D:\угату\2_курс\графика\лаба_3\tut16\include\Magick++\Drawable.h(3111,18): warning C4251: Magick::PathMovetoAbs::_coordinates: class "std::vector<Magick::Coordinate,std::allocator<Magick::Coordinate>>" должен иметь dll-интерфейс для использования клиентами class "Magick::PathMovetoAbs"
D:\угату\2_курс\графика\лаба_3\tut16\include\Magick++\Drawable.h(73,16): message : см. объявление "std::vector<Magick::Coordinate,std::allocator<Magick::Coordinate>>"
D:\угату\2_курс\графика\лаба_3\tut16\include\Magick++\Drawable.h(3135,18): warning C4251: Magick::PathMovetoRel::_coordinates: class "std::vector<Magick::Coordinate,std::allocator<Magick::Coordinate>>" должен иметь dll-интерфейс для использования клиентами class "Magick::PathMovetoRel"
D:\угату\2_курс\графика\лаба_3\tut16\include\Magick++\Drawable.h(73,16): message : см. объявление "std::vector<Magick::Coordinate,std::allocator<Magick::Coordinate>>"
D:\угату\2_курс\графика\лаба_3\tut16\include\Magick++\Exception.h(25,3): warning C4275: class "std::exception", не являющийся dll-интерфейсом, использован в качестве базового для dll-интерфейса class "Magick::Exception"
C:\Program Files\Microsoft Visual Studio\2022\Community\VC\Tools\MSVC\14.35.32215\include\exception(38,19): message : см. объявление "std::exception"
D:\угату\2_курс\графика\лаба_3\tut16\include\Magick++\Exception.h(24,24): message : см. объявление "Magick::Exception"
D:\угату\2_курс\графика\лаба_3\tut16\include\Magick++\Exception.h(58,17): warning C4251: Magick::Exception::_what: class "std::basic_string<char,std::char_traits<char>,std::allocator<char>>" должен иметь dll-интерфейс для использования клиентами class "Magick::Exception"
C:\Program Files\Microsoft Visual Studio\2022\Community\VC\Tools\MSVC\14.35.32215\include\xstring(5300,29): message : см. объявление "std::basic_string<char,std::char_traits<char>,std::allocator<char>>"
D:\угату\2_курс\графика\лаба_3\tut16\include\Magick++\Statistic.h(71,25): warning C4251: Magick::ChannelMoments::_huInvariants: class "std::vector<double,std::allocator<double>>" должен иметь dll-интерфейс для использования клиентами class "Magick::ChannelMoments"
D:\угату\2_курс\графика\лаба_3\tut16\include\Magick++\Statistic.h(71,10): message : см. объявление "std::vector<double,std::allocator<double>>"
D:\угату\2_курс\графика\лаба_3\tut16\include\Magick++\Statistic.h(126,25): warning C4251: Magick::ChannelPerceptualHash::_srgbHuPhash: class "std::vector<double,std::allocator<double>>" должен иметь dll-интерфейс для использования клиентами class "Magick::ChannelPerceptualHash"
D:\угату\2_курс\графика\лаба_3\tut16\include\Magick++\Statistic.h(71,10): message : см. объявление "std::vector<double,std::allocator<double>>"
D:\угату\2_курс\графика\лаба_3\tut16\include\Magick++\Statistic.h(127,25): warning C4251: Magick::ChannelPerceptualHash::_hclpHuPhash: class "std::vector<double,std::allocator<double>>" должен иметь dll-интерфейс для использования клиентами class "Magick::ChannelPerceptualHash"
D:\угату\2_курс\графика\лаба_3\tut16\include\Magick++\Statistic.h(71,10): message : см. объявление "std::vector<double,std::allocator<double>>"
D:\угату\2_курс\графика\лаба_3\tut16\include\Magick++\Statistic.h(241,33): warning C4251: Magick::ImageMoments::_channels: class "std::vector<Magick::ChannelMoments,std::allocator<Magick::ChannelMoments>>" должен иметь dll-интерфейс для использования клиентами class "Magick::ImageMoments"
D:\угату\2_курс\графика\лаба_3\tut16\include\Magick++\Statistic.h(241,10): message : см. объявление "std::vector<Magick::ChannelMoments,std::allocator<Magick::ChannelMoments>>"
D:\угату\2_курс\графика\лаба_3\tut16\include\Magick++\Statistic.h(279,40): warning C4251: Magick::ImagePerceptualHash::_channels: class "std::vector<Magick::ChannelPerceptualHash,std::allocator<Magick::ChannelPerceptualHash>>" должен иметь dll-интерфейс для использования клиентами class "Magick::ImagePerceptualHash"
D:\угату\2_курс\графика\лаба_3\tut16\include\Magick++\Statistic.h(279,10): message : см. объявление "std::vector<Magick::ChannelPerceptualHash,std::allocator<Magick::ChannelPerceptualHash>>"
D:\угату\2_курс\графика\лаба_3\tut16\include\Magick++\Statistic.h(304,36): warning C4251: Magick::ImageStatistics::_channels: class "std::vector<Magick::ChannelStatistics,std::allocator<Magick::ChannelStatistics>>" должен иметь dll-интерфейс для использования клиентами class "Magick::ImageStatistics"
D:\угату\2_курс\графика\лаба_3\tut16\include\Magick++\Statistic.h(304,10): message : см. объявление "std::vector<Magick::ChannelStatistics,std::allocator<Magick::ChannelStatistics>>"
D:\угату\2_курс\графика\лаба_3\tut16\include\Magick++\CoderInfo.h(78,17): warning C4251: Magick::CoderInfo::_description: class "std::basic_string<char,std::char_traits<char>,std::allocator<char>>" должен иметь dll-интерфейс для использования клиентами class "Magick::CoderInfo"
C:\Program Files\Microsoft Visual Studio\2022\Community\VC\Tools\MSVC\14.35.32215\include\xstring(5300,29): message : см. объявление "std::basic_string<char,std::char_traits<char>,std::allocator<char>>"
D:\угату\2_курс\графика\лаба_3\tut16\include\Magick++\CoderInfo.h(83,17): warning C4251: Magick::CoderInfo::_mimeType: class "std::basic_string<char,std::char_traits<char>,std::allocator<char>>" должен иметь dll-интерфейс для использования клиентами class "Magick::CoderInfo"
C:\Program Files\Microsoft Visual Studio\2022\Community\VC\Tools\MSVC\14.35.32215\include\xstring(5300,29): message : см. объявление "std::basic_string<char,std::char_traits<char>,std::allocator<char>>"
D:\угату\2_курс\графика\лаба_3\tut16\include\Magick++\CoderInfo.h(84,17): warning C4251: Magick::CoderInfo::_module: class "std::basic_string<char,std::char_traits<char>,std::allocator<char>>" должен иметь dll-интерфейс для использования клиентами class "Magick::CoderInfo"
C:\Program Files\Microsoft Visual Studio\2022\Community\VC\Tools\MSVC\14.35.32215\include\xstring(5300,29): message : см. объявление "std::basic_string<char,std::char_traits<char>,std::allocator<char>>"
D:\угату\2_курс\графика\лаба_3\tut16\include\Magick++\CoderInfo.h(85,17): warning C4251: Magick::CoderInfo::_name: class "std::basic_string<char,std::char_traits<char>,std::allocator<char>>" должен иметь dll-интерфейс для использования клиентами class "Magick::CoderInfo"
C:\Program Files\Microsoft Visual Studio\2022\Community\VC\Tools\MSVC\14.35.32215\include\xstring(5300,29): message : см. объявление "std::basic_string<char,std::char_traits<char>,std::allocator<char>>"
D:\угату\2_курс\графика\лаба_3\tut16\include\Magick++\Montage.h(101,17): warning C4251: Magick::Montage::_fileName: class "std::basic_string<char,std::char_traits<char>,std::allocator<char>>" должен иметь dll-интерфейс для использования клиентами class "Magick::Montage"
C:\Program Files\Microsoft Visual Studio\2022\Community\VC\Tools\MSVC\14.35.32215\include\xstring(5300,29): message : см. объявление "std::basic_string<char,std::char_traits<char>,std::allocator<char>>"
D:\угату\2_курс\графика\лаба_3\tut16\include\Magick++\Montage.h(103,17): warning C4251: Magick::Montage::_font: class "std::basic_string<char,std::char_traits<char>,std::allocator<char>>" должен иметь dll-интерфейс для использования клиентами class "Magick::Montage"
C:\Program Files\Microsoft Visual Studio\2022\Community\VC\Tools\MSVC\14.35.32215\include\xstring(5300,29): message : см. объявление "std::basic_string<char,std::char_traits<char>,std::allocator<char>>"
D:\угату\2_курс\графика\лаба_3\tut16\include\Magick++\Montage.h(106,17): warning C4251: Magick::Montage::_label: class "std::basic_string<char,std::char_traits<char>,std::allocator<char>>" должен иметь dll-интерфейс для использования клиентами class "Magick::Montage"
C:\Program Files\Microsoft Visual Studio\2022\Community\VC\Tools\MSVC\14.35.32215\include\xstring(5300,29): message : см. объявление "std::basic_string<char,std::char_traits<char>,std::allocator<char>>"
D:\угату\2_курс\графика\лаба_3\tut16\include\Magick++\Montage.h(110,17): warning C4251: Magick::Montage::_texture: class "std::basic_string<char,std::char_traits<char>,std::allocator<char>>" должен иметь dll-интерфейс для использования клиентами class "Magick::Montage"
C:\Program Files\Microsoft Visual Studio\2022\Community\VC\Tools\MSVC\14.35.32215\include\xstring(5300,29): message : см. объявление "std::basic_string<char,std::char_traits<char>,std::allocator<char>>"
D:\угату\2_курс\графика\лаба_3\tut16\include\Magick++\Montage.h(112,17): warning C4251: Magick::Montage::_title: class "std::basic_string<char,std::char_traits<char>,std::allocator<char>>" должен иметь dll-интерфейс для использования клиентами class "Magick::Montage"
C:\Program Files\Microsoft Visual Studio\2022\Community\VC\Tools\MSVC\14.35.32215\include\xstring(5300,29): message : см. объявление "std::basic_string<char,std::char_traits<char>,std::allocator<char>>"
D:\угату\2_курс\графика\лаба_3\tut16\include\Magick++\STL.h(134,25): warning C4251: Magick::annotateImage::_text: class "std::basic_string<char,std::char_traits<char>,std::allocator<char>>" должен иметь dll-интерфейс для использования клиентами class "Magick::annotateImage"
C:\Program Files\Microsoft Visual Studio\2022\Community\VC\Tools\MSVC\14.35.32215\include\xstring(5300,29): message : см. объявление "std::basic_string<char,std::char_traits<char>,std::allocator<char>>"
D:\угату\2_курс\графика\лаба_3\tut16\include\Magick++\STL.h(213,19): warning C4251: Magick::cdlImage::_cdl: class "std::basic_string<char,std::char_traits<char>,std::allocator<char>>" должен иметь dll-интерфейс для использования клиентами class "Magick::cdlImage"
C:\Program Files\Microsoft Visual Studio\2022\Community\VC\Tools\MSVC\14.35.32215\include\xstring(5300,29): message : см. объявление "std::basic_string<char,std::char_traits<char>,std::allocator<char>>"
D:\угату\2_курс\графика\лаба_3\tut16\include\Magick++\STL.h(273,17): warning C4251: Magick::commentImage::_comment: class "std::basic_string<char,std::char_traits<char>,std::allocator<char>>" должен иметь dll-интерфейс для использования клиентами class "Magick::commentImage"
C:\Program Files\Microsoft Visual Studio\2022\Community\VC\Tools\MSVC\14.35.32215\include\xstring(5300,29): message : см. объявление "std::basic_string<char,std::char_traits<char>,std::allocator<char>>"
D:\угату\2_курс\графика\лаба_3\tut16\include\Magick++\STL.h(385,18): warning C4251: Magick::drawImage::_drawableList: class "std::vector<Magick::Drawable,std::allocator<Magick::Drawable>>" должен иметь dll-интерфейс для использования клиентами class "Magick::drawImage"
D:\угату\2_курс\графика\лаба_3\tut16\include\Magick++\Drawable.h(146,16): message : см. объявление "std::vector<Magick::Drawable,std::allocator<Magick::Drawable>>"
D:\угату\2_курс\графика\лаба_3\tut16\include\Magick++\STL.h(664,17): warning C4251: Magick::labelImage::_label: class "std::basic_string<char,std::char_traits<char>,std::allocator<char>>" должен иметь dll-интерфейс для использования клиентами class "Magick::labelImage"
C:\Program Files\Microsoft Visual Studio\2022\Community\VC\Tools\MSVC\14.35.32215\include\xstring(5300,29): message : см. объявление "std::basic_string<char,std::char_traits<char>,std::allocator<char>>"
D:\угату\2_курс\графика\лаба_3\tut16\include\Magick++\STL.h(1294,17): warning C4251: Magick::backgroundTextureImage::_backgroundTexture: class "std::basic_string<char,std::char_traits<char>,std::allocator<char>>" должен иметь dll-интерфейс для использования клиентами class "Magick::backgroundTextureImage"
C:\Program Files\Microsoft Visual Studio\2022\Community\VC\Tools\MSVC\14.35.32215\include\xstring(5300,29): message : см. объявление "std::basic_string<char,std::char_traits<char>,std::allocator<char>>"
D:\угату\2_курс\графика\лаба_3\tut16\include\Magick++\STL.h(1473,17): warning C4251: Magick::fileNameImage::_fileName: class "std::basic_string<char,std::char_traits<char>,std::allocator<char>>" должен иметь dll-интерфейс для использования клиентами class "Magick::fileNameImage"
C:\Program Files\Microsoft Visual Studio\2022\Community\VC\Tools\MSVC\14.35.32215\include\xstring(5300,29): message : см. объявление "std::basic_string<char,std::char_traits<char>,std::allocator<char>>"
D:\угату\2_курс\графика\лаба_3\tut16\include\Magick++\STL.h(1497,17): warning C4251: Magick::fontImage::_font: class "std::basic_string<char,std::char_traits<char>,std::allocator<char>>" должен иметь dll-интерфейс для использования клиентами class "Magick::fontImage"
C:\Program Files\Microsoft Visual Studio\2022\Community\VC\Tools\MSVC\14.35.32215\include\xstring(5300,29): message : см. объявление "std::basic_string<char,std::char_traits<char>,std::allocator<char>>"
D:\угату\2_курс\графика\лаба_3\tut16\include\Magick++\STL.h(1545,17): warning C4251: Magick::magickImage::_magick: class "std::basic_string<char,std::char_traits<char>,std::allocator<char>>" должен иметь dll-интерфейс для использования клиентами class "Magick::magickImage"
C:\Program Files\Microsoft Visual Studio\2022\Community\VC\Tools\MSVC\14.35.32215\include\xstring(5300,29): message : см. объявление "std::basic_string<char,std::char_traits<char>,std::allocator<char>>"
D:\угату\2_курс\графика\лаба_3\tut16\include\Magick++\STL.h(1842,17): warning C4251: Magick::x11DisplayImage::_display: class "std::basic_string<char,std::char_traits<char>,std::allocator<char>>" должен иметь dll-интерфейс для использования клиентами class "Magick::x11DisplayImage"
C:\Program Files\Microsoft Visual Studio\2022\Community\VC\Tools\MSVC\14.35.32215\include\xstring(5300,29): message : см. объявление "std::basic_string<char,std::char_traits<char>,std::allocator<char>>"
D:\угату\2_курс\графика\лаба_3\tut16\tut16\tut16.cpp(142,65): warning C4305: аргумент: усечение из "double" в "float"
D:\угату\2_курс\графика\лаба_3\tut16\tut16\tut16.cpp(177,37): warning C4267: =: преобразование из "size_t" в "GLint"; возможна потеря данных
  Создание кода
  Previous IPDB was built with incompatible compiler, fall back to full compilation.
  All 150 functions were compiled because no usable IPDB/IOBJ from previous compilation was found.
  Создание кода завершено
  tut16.vcxproj -> D:\угату\2_курс\графика\лаба_3\tut16\x64\Release\tut16.exe
