  camera.cpp
D:\угату\2_курс\графика\лаба_3\tut15\camera.cpp(22,1): warning C4005: M_PI: изменение макроопределения
D:\угату\2_курс\графика\лаба_3\tut15\math_3d.h(21,1): message : см. предыдущее определение "M_PI"
D:\угату\2_курс\графика\лаба_3\tut15\camera.cpp(64,31): warning C4244: =: преобразование "double" в "float", возможна потеря данных
D:\угату\2_курс\графика\лаба_3\tut15\camera.cpp(68,31): warning C4244: =: преобразование "double" в "float", возможна потеря данных
D:\угату\2_курс\графика\лаба_3\tut15\camera.cpp(75,24): warning C4244: =: преобразование "double" в "float", возможна потеря данных
D:\угату\2_курс\графика\лаба_3\tut15\camera.cpp(79,30): warning C4244: =: преобразование "double" в "float", возможна потеря данных
D:\угату\2_курс\графика\лаба_3\tut15\camera.cpp(83,16): warning C4244: =: преобразование "double" в "float", возможна потеря данных
  math_3d.cpp
D:\угату\2_курс\графика\лаба_3\tut15\math_3d.cpp(20,1): warning C4005: M_PI: изменение макроопределения
D:\угату\2_курс\графика\лаба_3\tut15\math_3d.h(21,1): message : см. предыдущее определение "M_PI"
D:\угату\2_курс\графика\лаба_3\tut15\math_3d.cpp(44,37): warning C4244: аргумент: преобразование "double" в "float", возможна потеря данных
D:\угату\2_курс\графика\лаба_3\tut15\math_3d.cpp(45,37): warning C4244: аргумент: преобразование "double" в "float", возможна потеря данных
D:\угату\2_курс\графика\лаба_3\tut15\math_3d.cpp(75,21): warning C4244: инициализация: преобразование "double" в "float", возможна потеря данных
D:\угату\2_курс\графика\лаба_3\tut15\math_3d.cpp(75,19): warning C4244: инициализация: преобразование "double" в "const float", возможна потеря данных
D:\угату\2_курс\графика\лаба_3\tut15\math_3d.cpp(76,21): warning C4244: инициализация: преобразование "double" в "float", возможна потеря данных
D:\угату\2_курс\графика\лаба_3\tut15\math_3d.cpp(76,19): warning C4244: инициализация: преобразование "double" в "const float", возможна потеря данных
D:\угату\2_курс\графика\лаба_3\tut15\math_3d.cpp(77,21): warning C4244: инициализация: преобразование "double" в "float", возможна потеря данных
D:\угату\2_курс\графика\лаба_3\tut15\math_3d.cpp(77,19): warning C4244: инициализация: преобразование "double" в "const float", возможна потеря данных
D:\угату\2_курс\графика\лаба_3\tut15\math_3d.cpp(125,35): warning C4244: аргумент: преобразование "double" в "float", возможна потеря данных
  pipeline.cpp
  tut15.cpp
D:\угату\2_курс\графика\лаба_3\tut15\tut15.cpp(130,49): warning C4305: аргумент: усечение из "double" в "float"
D:\угату\2_курс\графика\лаба_3\tut15\tut15.cpp(163,37): warning C4267: =: преобразование из "size_t" в "GLint"; возможна потеря данных
  Создание кода...
  tut15.vcxproj -> D:\угату\2_курс\графика\лаба_3\tut15\x64\Debug\tut15.exe
